<?xml version="1.0" encoding="UTF-8"?>
<robot generator="Robot 5.0.1 (Python 3.9.13 on darwin)" generated="20220815 11:13:05.776" rpa="true" schemaversion="3">
<suite id="s1" name="Tasks" source="/Users/dominic/development_local/robocorp/certification_level2/tasks.robot">
<test id="s1-t1" name="Minimal task" line="6">
<kw name="Log" library="BuiltIn">
<arg>Done.</arg>
<doc>Logs the given message with the given level.</doc>
<msg timestamp="20220815 11:13:05.804" level="INFO">Done.</msg>
<status status="PASS" starttime="20220815 11:13:05.804" endtime="20220815 11:13:05.817"/>
</kw>
<status status="PASS" starttime="20220815 11:13:05.804" endtime="20220815 11:13:05.818"/>
</test>
<doc>Template robot main suite.</doc>
<status status="PASS" starttime="20220815 11:13:05.781" endtime="20220815 11:13:05.819"/>
</suite>
<statistics>
<total>
<stat pass="1" fail="0" skip="0">All Tasks</stat>
</total>
<tag>
</tag>
<suite>
<stat pass="1" fail="0" skip="0" id="s1" name="Tasks">Tasks</stat>
</suite>
</statistics>
<errors>
</errors>
</robot>
